<?xml version="1.0" encoding="UTF-8"?>
<!-- Generated by org.testng.reporters.JUnitXMLReporter -->
<testsuite hostname="DESKTOP-U4LFVAF" ignored="0" tests="4" failures="1" timestamp="13 cze 2018 21:09:10 GMT" time="21.891" errors="0">
  <testcase name="regression" time="2.864" classname="Regression">
    <failure type="java.lang.AssertionError" message="expected [true] but found [false]">
      <![CDATA[java.lang.AssertionError: expected [true] but found [false]
at Regression.regression(Regression.java:68)
... Removed 33 stack frames]]>
    </failure>
  </testcase> <!-- regression -->
  <testcase name="regression" time="1.236" classname="Regression"/>
  <testcase name="regression" time="1.233" classname="Regression"/>
  <testcase name="regression" time="2.151" classname="Regression"/>
</testsuite>
