-------------------------------------------------------------------------------
Test set: TestSuite
-------------------------------------------------------------------------------
Tests run: 4, Failures: 1, Errors: 0, Skipped: 0, Time elapsed: 23.547 s <<< FAILURE! - in TestSuite
regression(Regression)  Time elapsed: 2.878 s  <<< FAILURE!
java.lang.AssertionError: expected [true] but found [false]
	at Regression.regression(Regression.java:68)

